[debug] [2019-04-21T02:52:17.431Z] ----------------------------------------------------------------------
[debug] [2019-04-21T02:52:17.442Z] Command:       C:\Program Files\nodejs\node.exe C:\Users\HP\AppData\Roaming\npm\node_modules\firebase-tools\lib\bin\firebase.js serve
[debug] [2019-04-21T02:52:17.443Z] CLI Version:   6.5.3
[debug] [2019-04-21T02:52:17.443Z] Platform:      win32
[debug] [2019-04-21T02:52:17.443Z] Node Version:  v10.15.3
[debug] [2019-04-21T02:52:17.447Z] Time:          Sat Apr 20 2019 22:52:17 GMT-0400 (Eastern Daylight Time)
[debug] [2019-04-21T02:52:17.448Z] ----------------------------------------------------------------------
[debug] 
[debug] [2019-04-21T02:52:17.544Z] > command requires scopes: ["email","openid","https://www.googleapis.com/auth/cloudplatformprojects.readonly","https://www.googleapis.com/auth/firebase","https://www.googleapis.com/auth/cloud-platform"]
[debug] [2019-04-21T02:52:17.548Z] > authorizing via signed-in user
[debug] [2019-04-21T02:52:17.548Z] [iam] checking project login-to-games4u for permissions ["firebase.projects.get"]
[debug] [2019-04-21T02:52:17.557Z] > refreshing access token with scopes: ["email","https://www.googleapis.com/auth/cloud-platform","https://www.googleapis.com/auth/cloudplatformprojects.readonly","https://www.googleapis.com/auth/firebase","openid"]
[debug] [2019-04-21T02:52:17.559Z] >>> HTTP REQUEST POST https://www.googleapis.com/oauth2/v3/token  
 <request body omitted>
[debug] [2019-04-21T02:52:19.682Z] <<< HTTP RESPONSE 200
[debug] [2019-04-21T02:52:19.761Z] >>> HTTP REQUEST POST https://cloudresourcemanager.googleapis.com/v1/projects/login-to-games4u:testIamPermissions  

[debug] [2019-04-21T02:52:25.508Z] <<< HTTP RESPONSE 200
[debug] [2019-04-21T02:52:25.513Z] >>> HTTP REQUEST GET https://cloudresourcemanager.googleapis.com/v1/projects/login-to-games4u  
 
[debug] [2019-04-21T02:52:26.357Z] <<< HTTP RESPONSE 200
[info] 
[info] === Serving from 'C:\Users\HP\friendlychat-web-master\friendlychat-web-master\web-start'...
[info] 
[info] i  functions: Preparing to emulate functions.
[debug] [2019-04-21T02:52:41.834Z] Fetching environment
[debug] [2019-04-21T02:52:41.845Z] >>> HTTP REQUEST GET https://mobilesdk-pa.googleapis.com/v1/projects/152743638512:getServerAppConfig  
 
[debug] [2019-04-21T02:52:41.847Z] >>> HTTP REQUEST GET https://mobilesdk-pa.googleapis.com/v1/projects/152743638512/clients/_:getWebAppConfig  
 
[debug] [2019-04-21T02:52:44.517Z] <<< HTTP RESPONSE 200
[debug] [2019-04-21T02:52:44.519Z] Starting @google-cloud/functions-emulator
[debug] [2019-04-21T02:52:44.772Z] <<< HTTP RESPONSE 200
[info] i  hosting: Serving hosting files from: ./public
[info] +  hosting: Local server: http://localhost:5000
[debug] [2019-04-21T02:52:58.051Z] Parsing function triggers
