[debug] [2019-04-08T21:28:08.678Z] ----------------------------------------------------------------------
[debug] [2019-04-08T21:28:08.681Z] Command:       C:\Program Files\nodejs\node.exe C:\Users\HP\AppData\Roaming\npm\node_modules\firebase-tools\lib\bin\firebase.js serve --only hosting
[debug] [2019-04-08T21:28:08.682Z] CLI Version:   6.5.3
[debug] [2019-04-08T21:28:08.682Z] Platform:      win32
[debug] [2019-04-08T21:28:08.682Z] Node Version:  v10.15.3
[debug] [2019-04-08T21:28:08.683Z] Time:          Mon Apr 08 2019 17:28:08 GMT-0400 (Eastern Daylight Time)
[debug] [2019-04-08T21:28:08.683Z] ----------------------------------------------------------------------
[debug] 
[debug] [2019-04-08T21:28:08.702Z] > command requires scopes: ["email","openid","https://www.googleapis.com/auth/cloudplatformprojects.readonly","https://www.googleapis.com/auth/firebase","https://www.googleapis.com/auth/cloud-platform"]
[debug] [2019-04-08T21:28:08.703Z] > authorizing via signed-in user
[debug] [2019-04-08T21:28:08.703Z] [iam] checking project login-to-games4u for permissions ["firebase.projects.get"]
[debug] [2019-04-08T21:28:08.706Z] >>> HTTP REQUEST POST https://cloudresourcemanager.googleapis.com/v1/projects/login-to-games4u:testIamPermissions  

[debug] [2019-04-08T21:28:08.779Z] Error: getaddrinfo ENOTFOUND cloudresourcemanager.googleapis.com cloudresourcemanager.googleapis.com:443
    at GetAddrInfoReqWrap.onlookup [as oncomplete] (dns.js:56:26)
[error] 
[error] Error: Server Error. getaddrinfo ENOTFOUND cloudresourcemanager.googleapis.com cloudresourcemanager.googleapis.com:443
[debug] [2019-04-08T21:30:01.305Z] ----------------------------------------------------------------------
[debug] [2019-04-08T21:30:01.308Z] Command:       C:\Program Files\nodejs\node.exe C:\Users\HP\AppData\Roaming\npm\node_modules\firebase-tools\lib\bin\firebase.js serve --only hosting
[debug] [2019-04-08T21:30:01.308Z] CLI Version:   6.5.3
[debug] [2019-04-08T21:30:01.308Z] Platform:      win32
[debug] [2019-04-08T21:30:01.308Z] Node Version:  v10.15.3
[debug] [2019-04-08T21:30:01.309Z] Time:          Mon Apr 08 2019 17:30:01 GMT-0400 (Eastern Daylight Time)
[debug] [2019-04-08T21:30:01.309Z] ----------------------------------------------------------------------
[debug] 
[debug] [2019-04-08T21:30:01.324Z] > command requires scopes: ["email","openid","https://www.googleapis.com/auth/cloudplatformprojects.readonly","https://www.googleapis.com/auth/firebase","https://www.googleapis.com/auth/cloud-platform"]
[debug] [2019-04-08T21:30:01.325Z] > authorizing via signed-in user
[debug] [2019-04-08T21:30:01.325Z] [iam] checking project login-to-games4u for permissions ["firebase.projects.get"]
[debug] [2019-04-08T21:30:01.328Z] >>> HTTP REQUEST POST https://cloudresourcemanager.googleapis.com/v1/projects/login-to-games4u:testIamPermissions  

[debug] [2019-04-08T21:30:01.372Z] Error: getaddrinfo ENOTFOUND cloudresourcemanager.googleapis.com cloudresourcemanager.googleapis.com:443
    at GetAddrInfoReqWrap.onlookup [as oncomplete] (dns.js:56:26)
[error] 
[error] Error: Server Error. getaddrinfo ENOTFOUND cloudresourcemanager.googleapis.com cloudresourcemanager.googleapis.com:443
